<?xml version="1.0" encoding="UTF-8"?>
<testng-results skipped="0" failed="0" total="1" passed="1">
  <reporter-output>
  </reporter-output>
  <suite name="BDD Test Suite" duration-ms="95943" started-at="2020-11-03T14:49:24Z" finished-at="2020-11-03T14:51:00Z">
    <groups>
      <group name="cucumber">
        <method signature="TestRunner.feature(cucumber.api.testng.CucumberFeatureWrapper)[pri:0, instance:com.cucumberFramework.testRunner.TestRunner@629f066f]" name="feature" class="com.cucumberFramework.testRunner.TestRunner"/>
      </group> <!-- cucumber -->
    </groups>
    <test name="Regression Test" duration-ms="95943" started-at="2020-11-03T14:49:24Z" finished-at="2020-11-03T14:51:00Z">
      <class name="com.cucumberFramework.testRunner.TestRunner">
        <test-method status="PASS" signature="setUpClass()[pri:0, instance:com.cucumberFramework.testRunner.TestRunner@629f066f]" name="setUpClass" is-config="true" duration-ms="636" started-at="2020-11-03T20:19:24Z" finished-at="2020-11-03T20:19:25Z">
          <reporter-output>
          </reporter-output>
        </test-method> <!-- setUpClass -->
        <test-method status="PASS" signature="feature(cucumber.api.testng.CucumberFeatureWrapper)[pri:0, instance:com.cucumberFramework.testRunner.TestRunner@629f066f]" name="feature" duration-ms="95104" started-at="2020-11-03T20:19:25Z" description="Runs cucmber Features" data-provider="features" finished-at="2020-11-03T20:21:00Z">
          <params>
            <param index="0">
              <value>
                <![CDATA[As a Demoblaze user I should be able to login and purchase products from the App]]>
              </value>
            </param>
          </params>
          <reporter-output>
          </reporter-output>
        </test-method> <!-- feature -->
        <test-method status="PASS" signature="testDownClass()[pri:0, instance:com.cucumberFramework.testRunner.TestRunner@629f066f]" name="testDownClass" is-config="true" duration-ms="2" started-at="2020-11-03T20:21:00Z" finished-at="2020-11-03T20:21:00Z">
          <reporter-output>
          </reporter-output>
        </test-method> <!-- testDownClass -->
      </class> <!-- com.cucumberFramework.testRunner.TestRunner -->
    </test> <!-- Regression Test -->
  </suite> <!-- BDD Test Suite -->
</testng-results>
