<?xml version="1.0" encoding="UTF-8"?>
<testng-results skipped="0" failed="0" total="1" passed="1">
  <reporter-output>
  </reporter-output>
  <suite name="Default suite" duration-ms="96075" started-at="2020-11-03T14:21:36Z" finished-at="2020-11-03T14:23:12Z">
    <groups>
      <group name="cucumber">
        <method signature="TestRunner.feature(cucumber.api.testng.CucumberFeatureWrapper)[pri:0, instance:com.cucumberFramework.testRunner.TestRunner@3d5790ea]" name="feature" class="com.cucumberFramework.testRunner.TestRunner"/>
      </group> <!-- cucumber -->
    </groups>
    <test name="Default test" duration-ms="96075" started-at="2020-11-03T14:21:36Z" finished-at="2020-11-03T14:23:12Z">
      <class name="com.cucumberFramework.testRunner.TestRunner">
        <test-method status="PASS" signature="setUpClass()[pri:0, instance:com.cucumberFramework.testRunner.TestRunner@3d5790ea]" name="setUpClass" is-config="true" duration-ms="483" started-at="2020-11-03T19:51:36Z" finished-at="2020-11-03T19:51:36Z">
          <reporter-output>
          </reporter-output>
        </test-method> <!-- setUpClass -->
        <test-method status="PASS" signature="feature(cucumber.api.testng.CucumberFeatureWrapper)[pri:0, instance:com.cucumberFramework.testRunner.TestRunner@3d5790ea]" name="feature" duration-ms="95402" started-at="2020-11-03T19:51:36Z" description="Runs cucmber Features" data-provider="features" finished-at="2020-11-03T19:53:12Z">
          <params>
            <param index="0">
              <value>
                <![CDATA[As a Demoblaze user I should be able to login and purchase products from the App]]>
              </value>
            </param>
          </params>
          <reporter-output>
          </reporter-output>
        </test-method> <!-- feature -->
        <test-method status="PASS" signature="testDownClass()[pri:0, instance:com.cucumberFramework.testRunner.TestRunner@3d5790ea]" name="testDownClass" is-config="true" duration-ms="2" started-at="2020-11-03T19:53:12Z" finished-at="2020-11-03T19:53:12Z">
          <reporter-output>
          </reporter-output>
        </test-method> <!-- testDownClass -->
      </class> <!-- com.cucumberFramework.testRunner.TestRunner -->
    </test> <!-- Default test -->
  </suite> <!-- Default suite -->
</testng-results>
